CRITICAL - 2023-04-24 16:06:36 --> The original file is not a valid file.
in SYSTEMPATH\HTTP\Files\UploadedFile.php on line 137.
 1 SYSTEMPATH\HTTP\Files\UploadedFile.php(137): CodeIgniter\HTTP\Exceptions\HTTPException::forInvalidFile()
 2 APPPATH\Controllers\Menu.php(43): CodeIgniter\HTTP\Files\UploadedFile->move()
 3 SYSTEMPATH\CodeIgniter.php(934): App\Controllers\Menu->store()
 4 SYSTEMPATH\CodeIgniter.php(499): CodeIgniter\CodeIgniter->runController()
 5 SYSTEMPATH\CodeIgniter.php(368): CodeIgniter\CodeIgniter->handleRequest()
 6 FCPATH\index.php(67): CodeIgniter\CodeIgniter->run()
 7 SYSTEMPATH\Commands\Server\rewrite.php(47): require_once('C:\\laragon\\www\\nasi-goreng\\public\\index.php')
CRITICAL - 2023-04-24 16:08:50 --> The original file is not a valid file.
in SYSTEMPATH\HTTP\Files\UploadedFile.php on line 137.
 1 SYSTEMPATH\HTTP\Files\UploadedFile.php(137): CodeIgniter\HTTP\Exceptions\HTTPException::forInvalidFile()
 2 APPPATH\Controllers\Menu.php(43): CodeIgniter\HTTP\Files\UploadedFile->move()
 3 SYSTEMPATH\CodeIgniter.php(934): App\Controllers\Menu->store()
 4 SYSTEMPATH\CodeIgniter.php(499): CodeIgniter\CodeIgniter->runController()
 5 SYSTEMPATH\CodeIgniter.php(368): CodeIgniter\CodeIgniter->handleRequest()
 6 FCPATH\index.php(67): CodeIgniter\CodeIgniter->run()
 7 SYSTEMPATH\Commands\Server\rewrite.php(47): require_once('C:\\laragon\\www\\nasi-goreng\\public\\index.php')
CRITICAL - 2023-04-24 16:15:59 --> "isImage" is not a valid rule.
in SYSTEMPATH\Validation\Validation.php on line 320.
 1 SYSTEMPATH\Validation\Validation.php(320): CodeIgniter\Validation\Exceptions\ValidationException::forRuleNotFound()
 2 SYSTEMPATH\Validation\Validation.php(170): CodeIgniter\Validation\Validation->processRules()
 3 APPPATH\Controllers\Menu.php(40): CodeIgniter\Validation\Validation->run()
 4 SYSTEMPATH\CodeIgniter.php(934): App\Controllers\Menu->store()
 5 SYSTEMPATH\CodeIgniter.php(499): CodeIgniter\CodeIgniter->runController()
 6 SYSTEMPATH\CodeIgniter.php(368): CodeIgniter\CodeIgniter->handleRequest()
 7 FCPATH\index.php(67): CodeIgniter\CodeIgniter->run()
 8 SYSTEMPATH\Commands\Server\rewrite.php(47): require_once('C:\\laragon\\www\\nasi-goreng\\public\\index.php')
CRITICAL - 2023-04-24 16:19:33 --> Undefined array key "gambar"
in APPPATH\Views\admin\menu.php on line 63.
 1 APPPATH\Views\admin\menu.php(63): CodeIgniter\Debug\Exceptions->errorHandler()
 2 SYSTEMPATH\View\View.php(213): include('C:\\laragon\\www\\nasi-goreng\\app\\Views\\admin\\menu.php')
 3 SYSTEMPATH\View\View.php(216): CodeIgniter\View\View->CodeIgniter\View\{closure}()
 4 SYSTEMPATH\Common.php(1184): CodeIgniter\View\View->render()
 5 APPPATH\Controllers\Menu.php(18): view()
 6 SYSTEMPATH\CodeIgniter.php(934): App\Controllers\Menu->index()
 7 SYSTEMPATH\CodeIgniter.php(499): CodeIgniter\CodeIgniter->runController()
 8 SYSTEMPATH\CodeIgniter.php(368): CodeIgniter\CodeIgniter->handleRequest()
 9 FCPATH\index.php(67): CodeIgniter\CodeIgniter->run()
10 SYSTEMPATH\Commands\Server\rewrite.php(47): require_once('C:\\laragon\\www\\nasi-goreng\\public\\index.php')
CRITICAL - 2023-04-24 16:26:40 --> Undefined constant "App\Controllers\PUBLICPATH"
in APPPATH\Controllers\Menu.php on line 43.
 1 SYSTEMPATH\CodeIgniter.php(934): App\Controllers\Menu->store()
 2 SYSTEMPATH\CodeIgniter.php(499): CodeIgniter\CodeIgniter->runController()
 3 SYSTEMPATH\CodeIgniter.php(368): CodeIgniter\CodeIgniter->handleRequest()
 4 FCPATH\index.php(67): CodeIgniter\CodeIgniter->run()
 5 SYSTEMPATH\Commands\Server\rewrite.php(47): require_once('C:\\laragon\\www\\nasi-goreng\\public\\index.php')
CRITICAL - 2023-04-24 16:43:29 --> The original file is not a valid file.
in SYSTEMPATH\HTTP\Files\UploadedFile.php on line 137.
 1 SYSTEMPATH\HTTP\Files\UploadedFile.php(137): CodeIgniter\HTTP\Exceptions\HTTPException::forInvalidFile()
 2 APPPATH\Controllers\Menu.php(43): CodeIgniter\HTTP\Files\UploadedFile->move()
 3 SYSTEMPATH\CodeIgniter.php(934): App\Controllers\Menu->store()
 4 SYSTEMPATH\CodeIgniter.php(499): CodeIgniter\CodeIgniter->runController()
 5 SYSTEMPATH\CodeIgniter.php(368): CodeIgniter\CodeIgniter->handleRequest()
 6 FCPATH\index.php(67): CodeIgniter\CodeIgniter->run()
 7 SYSTEMPATH\Commands\Server\rewrite.php(47): require_once('C:\\laragon\\www\\nasi-goreng\\public\\index.php')
CRITICAL - 2023-04-24 16:48:30 --> Undefined property: CodeIgniter\View\View::$request
in APPPATH\Views\admin\edit.php on line 59.
 1 APPPATH\Views\admin\edit.php(59): CodeIgniter\Debug\Exceptions->errorHandler()
 2 SYSTEMPATH\View\View.php(213): include('C:\\laragon\\www\\nasi-goreng\\app\\Views\\admin\\edit.php')
 3 SYSTEMPATH\View\View.php(216): CodeIgniter\View\View->CodeIgniter\View\{closure}()
 4 SYSTEMPATH\Common.php(1184): CodeIgniter\View\View->render()
 5 APPPATH\Controllers\Menu.php(66): view()
 6 SYSTEMPATH\CodeIgniter.php(934): App\Controllers\Menu->edit()
 7 SYSTEMPATH\CodeIgniter.php(499): CodeIgniter\CodeIgniter->runController()
 8 SYSTEMPATH\CodeIgniter.php(368): CodeIgniter\CodeIgniter->handleRequest()
 9 FCPATH\index.php(67): CodeIgniter\CodeIgniter->run()
10 SYSTEMPATH\Commands\Server\rewrite.php(47): require_once('C:\\laragon\\www\\nasi-goreng\\public\\index.php')
CRITICAL - 2023-04-24 16:49:04 --> unlink(C:\laragon\www\nasi-goreng\uploads/1682353632_1813d203c0b058689974.png): No such file or directory
in APPPATH\Controllers\Menu.php on line 92.
 1 [internal function]: CodeIgniter\Debug\Exceptions->errorHandler()
 2 APPPATH\Controllers\Menu.php(92): unlink()
 3 SYSTEMPATH\CodeIgniter.php(934): App\Controllers\Menu->update()
 4 SYSTEMPATH\CodeIgniter.php(499): CodeIgniter\CodeIgniter->runController()
 5 SYSTEMPATH\CodeIgniter.php(368): CodeIgniter\CodeIgniter->handleRequest()
 6 FCPATH\index.php(67): CodeIgniter\CodeIgniter->run()
 7 SYSTEMPATH\Commands\Server\rewrite.php(47): require_once('C:\\laragon\\www\\nasi-goreng\\public\\index.php')
CRITICAL - 2023-04-24 16:52:45 --> Undefined constant "App\Controllers\PUBLICPATH"
in APPPATH\Controllers\Menu.php on line 92.
 1 SYSTEMPATH\CodeIgniter.php(934): App\Controllers\Menu->update()
 2 SYSTEMPATH\CodeIgniter.php(499): CodeIgniter\CodeIgniter->runController()
 3 SYSTEMPATH\CodeIgniter.php(368): CodeIgniter\CodeIgniter->handleRequest()
 4 FCPATH\index.php(67): CodeIgniter\CodeIgniter->run()
 5 SYSTEMPATH\Commands\Server\rewrite.php(47): require_once('C:\\laragon\\www\\nasi-goreng\\public\\index.php')
CRITICAL - 2023-04-24 16:53:26 --> The original file is not a valid file.
in SYSTEMPATH\HTTP\Files\UploadedFile.php on line 137.
 1 SYSTEMPATH\HTTP\Files\UploadedFile.php(137): CodeIgniter\HTTP\Exceptions\HTTPException::forInvalidFile()
 2 APPPATH\Controllers\Menu.php(96): CodeIgniter\HTTP\Files\UploadedFile->move()
 3 SYSTEMPATH\CodeIgniter.php(934): App\Controllers\Menu->update()
 4 SYSTEMPATH\CodeIgniter.php(499): CodeIgniter\CodeIgniter->runController()
 5 SYSTEMPATH\CodeIgniter.php(368): CodeIgniter\CodeIgniter->handleRequest()
 6 FCPATH\index.php(67): CodeIgniter\CodeIgniter->run()
 7 SYSTEMPATH\Commands\Server\rewrite.php(47): require_once('C:\\laragon\\www\\nasi-goreng\\public\\index.php')
CRITICAL - 2023-04-24 16:54:40 --> The original file is not a valid file.
in SYSTEMPATH\HTTP\Files\UploadedFile.php on line 137.
 1 SYSTEMPATH\HTTP\Files\UploadedFile.php(137): CodeIgniter\HTTP\Exceptions\HTTPException::forInvalidFile()
 2 APPPATH\Controllers\Menu.php(96): CodeIgniter\HTTP\Files\UploadedFile->move()
 3 SYSTEMPATH\CodeIgniter.php(934): App\Controllers\Menu->update()
 4 SYSTEMPATH\CodeIgniter.php(499): CodeIgniter\CodeIgniter->runController()
 5 SYSTEMPATH\CodeIgniter.php(368): CodeIgniter\CodeIgniter->handleRequest()
 6 FCPATH\index.php(67): CodeIgniter\CodeIgniter->run()
 7 SYSTEMPATH\Commands\Server\rewrite.php(47): require_once('C:\\laragon\\www\\nasi-goreng\\public\\index.php')
