ERROR - 2023-04-25 14:01:30 --> Error connecting to the database: mysqli_sql_exception: No connection could be made because the target machine actively refused it in C:\laragon\www\nasi-goreng\system\Database\MySQLi\Connection.php:173
Stack trace:
#0 C:\laragon\www\nasi-goreng\system\Database\MySQLi\Connection.php(173): mysqli->real_connect()
#1 C:\laragon\www\nasi-goreng\system\Database\BaseConnection.php(391): CodeIgniter\Database\MySQLi\Connection->connect()
#2 C:\laragon\www\nasi-goreng\system\Database\BaseConnection.php(573): CodeIgniter\Database\BaseConnection->initialize()
#3 C:\laragon\www\nasi-goreng\system\Database\BaseBuilder.php(1616): CodeIgniter\Database\BaseConnection->query()
#4 C:\laragon\www\nasi-goreng\system\Model.php(241): CodeIgniter\Database\BaseBuilder->get()
#5 C:\laragon\www\nasi-goreng\system\BaseModel.php(618): CodeIgniter\Model->doFindAll()
#6 C:\laragon\www\nasi-goreng\app\Controllers\Menu.php(16): CodeIgniter\BaseModel->findAll()
#7 C:\laragon\www\nasi-goreng\system\CodeIgniter.php(934): App\Controllers\Menu->index()
#8 C:\laragon\www\nasi-goreng\system\CodeIgniter.php(499): CodeIgniter\CodeIgniter->runController()
#9 C:\laragon\www\nasi-goreng\system\CodeIgniter.php(368): CodeIgniter\CodeIgniter->handleRequest()
#10 C:\laragon\www\nasi-goreng\public\index.php(67): CodeIgniter\CodeIgniter->run()
#11 C:\laragon\www\nasi-goreng\system\Commands\Server\rewrite.php(47): require_once('...')
#12 {main}

Next CodeIgniter\Database\Exceptions\DatabaseException: No connection could be made because the target machine actively refused it in C:\laragon\www\nasi-goreng\system\Database\MySQLi\Connection.php:218
Stack trace:
#0 C:\laragon\www\nasi-goreng\system\Database\BaseConnection.php(391): CodeIgniter\Database\MySQLi\Connection->connect()
#1 C:\laragon\www\nasi-goreng\system\Database\BaseConnection.php(573): CodeIgniter\Database\BaseConnection->initialize()
#2 C:\laragon\www\nasi-goreng\system\Database\BaseBuilder.php(1616): CodeIgniter\Database\BaseConnection->query()
#3 C:\laragon\www\nasi-goreng\system\Model.php(241): CodeIgniter\Database\BaseBuilder->get()
#4 C:\laragon\www\nasi-goreng\system\BaseModel.php(618): CodeIgniter\Model->doFindAll()
#5 C:\laragon\www\nasi-goreng\app\Controllers\Menu.php(16): CodeIgniter\BaseModel->findAll()
#6 C:\laragon\www\nasi-goreng\system\CodeIgniter.php(934): App\Controllers\Menu->index()
#7 C:\laragon\www\nasi-goreng\system\CodeIgniter.php(499): CodeIgniter\CodeIgniter->runController()
#8 C:\laragon\www\nasi-goreng\system\CodeIgniter.php(368): CodeIgniter\CodeIgniter->handleRequest()
#9 C:\laragon\www\nasi-goreng\public\index.php(67): CodeIgniter\CodeIgniter->run()
#10 C:\laragon\www\nasi-goreng\system\Commands\Server\rewrite.php(47): require_once('...')
#11 {main}
CRITICAL - 2023-04-25 14:01:30 --> Unable to connect to the database.
Main connection [MySQLi]: No connection could be made because the target machine actively refused it
in SYSTEMPATH\Database\BaseConnection.php on line 427.
 1 SYSTEMPATH\Database\BaseConnection.php(573): CodeIgniter\Database\BaseConnection->initialize()
 2 SYSTEMPATH\Database\BaseBuilder.php(1616): CodeIgniter\Database\BaseConnection->query()
 3 SYSTEMPATH\Model.php(241): CodeIgniter\Database\BaseBuilder->get()
 4 SYSTEMPATH\BaseModel.php(618): CodeIgniter\Model->doFindAll()
 5 APPPATH\Controllers\Menu.php(16): CodeIgniter\BaseModel->findAll()
 6 SYSTEMPATH\CodeIgniter.php(934): App\Controllers\Menu->index()
 7 SYSTEMPATH\CodeIgniter.php(499): CodeIgniter\CodeIgniter->runController()
 8 SYSTEMPATH\CodeIgniter.php(368): CodeIgniter\CodeIgniter->handleRequest()
 9 FCPATH\index.php(67): CodeIgniter\CodeIgniter->run()
10 SYSTEMPATH\Commands\Server\rewrite.php(47): require_once('C:\\laragon\\www\\nasi-goreng\\public\\index.php')
ERROR - 2023-04-25 14:01:35 --> Error connecting to the database: mysqli_sql_exception: No connection could be made because the target machine actively refused it in C:\laragon\www\nasi-goreng\system\Database\MySQLi\Connection.php:173
Stack trace:
#0 C:\laragon\www\nasi-goreng\system\Database\MySQLi\Connection.php(173): mysqli->real_connect()
#1 C:\laragon\www\nasi-goreng\system\Database\BaseConnection.php(391): CodeIgniter\Database\MySQLi\Connection->connect()
#2 C:\laragon\www\nasi-goreng\system\Database\BaseConnection.php(573): CodeIgniter\Database\BaseConnection->initialize()
#3 C:\laragon\www\nasi-goreng\system\Database\BaseBuilder.php(1616): CodeIgniter\Database\BaseConnection->query()
#4 C:\laragon\www\nasi-goreng\system\Model.php(241): CodeIgniter\Database\BaseBuilder->get()
#5 C:\laragon\www\nasi-goreng\system\BaseModel.php(618): CodeIgniter\Model->doFindAll()
#6 C:\laragon\www\nasi-goreng\app\Controllers\Menu.php(16): CodeIgniter\BaseModel->findAll()
#7 C:\laragon\www\nasi-goreng\system\CodeIgniter.php(934): App\Controllers\Menu->index()
#8 C:\laragon\www\nasi-goreng\system\CodeIgniter.php(499): CodeIgniter\CodeIgniter->runController()
#9 C:\laragon\www\nasi-goreng\system\CodeIgniter.php(368): CodeIgniter\CodeIgniter->handleRequest()
#10 C:\laragon\www\nasi-goreng\public\index.php(67): CodeIgniter\CodeIgniter->run()
#11 C:\laragon\www\nasi-goreng\system\Commands\Server\rewrite.php(47): require_once('...')
#12 {main}

Next CodeIgniter\Database\Exceptions\DatabaseException: No connection could be made because the target machine actively refused it in C:\laragon\www\nasi-goreng\system\Database\MySQLi\Connection.php:218
Stack trace:
#0 C:\laragon\www\nasi-goreng\system\Database\BaseConnection.php(391): CodeIgniter\Database\MySQLi\Connection->connect()
#1 C:\laragon\www\nasi-goreng\system\Database\BaseConnection.php(573): CodeIgniter\Database\BaseConnection->initialize()
#2 C:\laragon\www\nasi-goreng\system\Database\BaseBuilder.php(1616): CodeIgniter\Database\BaseConnection->query()
#3 C:\laragon\www\nasi-goreng\system\Model.php(241): CodeIgniter\Database\BaseBuilder->get()
#4 C:\laragon\www\nasi-goreng\system\BaseModel.php(618): CodeIgniter\Model->doFindAll()
#5 C:\laragon\www\nasi-goreng\app\Controllers\Menu.php(16): CodeIgniter\BaseModel->findAll()
#6 C:\laragon\www\nasi-goreng\system\CodeIgniter.php(934): App\Controllers\Menu->index()
#7 C:\laragon\www\nasi-goreng\system\CodeIgniter.php(499): CodeIgniter\CodeIgniter->runController()
#8 C:\laragon\www\nasi-goreng\system\CodeIgniter.php(368): CodeIgniter\CodeIgniter->handleRequest()
#9 C:\laragon\www\nasi-goreng\public\index.php(67): CodeIgniter\CodeIgniter->run()
#10 C:\laragon\www\nasi-goreng\system\Commands\Server\rewrite.php(47): require_once('...')
#11 {main}
CRITICAL - 2023-04-25 14:01:35 --> Unable to connect to the database.
Main connection [MySQLi]: No connection could be made because the target machine actively refused it
in SYSTEMPATH\Database\BaseConnection.php on line 427.
 1 SYSTEMPATH\Database\BaseConnection.php(573): CodeIgniter\Database\BaseConnection->initialize()
 2 SYSTEMPATH\Database\BaseBuilder.php(1616): CodeIgniter\Database\BaseConnection->query()
 3 SYSTEMPATH\Model.php(241): CodeIgniter\Database\BaseBuilder->get()
 4 SYSTEMPATH\BaseModel.php(618): CodeIgniter\Model->doFindAll()
 5 APPPATH\Controllers\Menu.php(16): CodeIgniter\BaseModel->findAll()
 6 SYSTEMPATH\CodeIgniter.php(934): App\Controllers\Menu->index()
 7 SYSTEMPATH\CodeIgniter.php(499): CodeIgniter\CodeIgniter->runController()
 8 SYSTEMPATH\CodeIgniter.php(368): CodeIgniter\CodeIgniter->handleRequest()
 9 FCPATH\index.php(67): CodeIgniter\CodeIgniter->run()
10 SYSTEMPATH\Commands\Server\rewrite.php(47): require_once('C:\\laragon\\www\\nasi-goreng\\public\\index.php')
CRITICAL - 2023-04-25 14:16:22 --> The route for "/admin/menu" cannot be found.
in SYSTEMPATH\HTTP\RedirectResponse.php on line 60.
 1 SYSTEMPATH\HTTP\RedirectResponse.php(60): CodeIgniter\HTTP\Exceptions\HTTPException::forInvalidRedirectRoute()
 2 SYSTEMPATH\Common.php(880): CodeIgniter\HTTP\RedirectResponse->route()
 3 APPPATH\Controllers\Menu.php(114): redirect()
 4 SYSTEMPATH\CodeIgniter.php(934): App\Controllers\Menu->delete()
 5 SYSTEMPATH\CodeIgniter.php(499): CodeIgniter\CodeIgniter->runController()
 6 SYSTEMPATH\CodeIgniter.php(368): CodeIgniter\CodeIgniter->handleRequest()
 7 FCPATH\index.php(67): CodeIgniter\CodeIgniter->run()
 8 SYSTEMPATH\Commands\Server\rewrite.php(47): require_once('C:\\laragon\\www\\nasi-goreng\\public\\index.php')
INFO - 2023-04-25 14:36:31 --> Session: Class initialized using 'CodeIgniter\Session\Handlers\FileHandler' driver.
INFO - 2023-04-25 14:37:13 --> Session: Class initialized using 'CodeIgniter\Session\Handlers\FileHandler' driver.
CRITICAL - 2023-04-25 14:37:28 --> Undefined property: App\Controllers\Menu::$session
in APPPATH\Controllers\Menu.php on line 52.
 1 APPPATH\Controllers\Menu.php(52): CodeIgniter\Debug\Exceptions->errorHandler()
 2 SYSTEMPATH\CodeIgniter.php(934): App\Controllers\Menu->store()
 3 SYSTEMPATH\CodeIgniter.php(499): CodeIgniter\CodeIgniter->runController()
 4 SYSTEMPATH\CodeIgniter.php(368): CodeIgniter\CodeIgniter->handleRequest()
 5 FCPATH\index.php(67): CodeIgniter\CodeIgniter->run()
 6 SYSTEMPATH\Commands\Server\rewrite.php(47): require_once('C:\\laragon\\www\\nasi-goreng\\public\\index.php')
INFO - 2023-04-25 14:40:39 --> Session: Class initialized using 'CodeIgniter\Session\Handlers\FileHandler' driver.
INFO - 2023-04-25 14:40:39 --> Session: Class initialized using 'CodeIgniter\Session\Handlers\FileHandler' driver.
INFO - 2023-04-25 14:40:49 --> Session: Class initialized using 'CodeIgniter\Session\Handlers\FileHandler' driver.
INFO - 2023-04-25 14:40:50 --> Session: Class initialized using 'CodeIgniter\Session\Handlers\FileHandler' driver.
INFO - 2023-04-25 14:41:24 --> Session: Class initialized using 'CodeIgniter\Session\Handlers\FileHandler' driver.
INFO - 2023-04-25 14:41:30 --> Session: Class initialized using 'CodeIgniter\Session\Handlers\FileHandler' driver.
CRITICAL - 2023-04-25 14:41:31 --> The original file is not a valid file.
in SYSTEMPATH\HTTP\Files\UploadedFile.php on line 137.
 1 SYSTEMPATH\HTTP\Files\UploadedFile.php(137): CodeIgniter\HTTP\Exceptions\HTTPException::forInvalidFile()
 2 APPPATH\Controllers\Menu.php(100): CodeIgniter\HTTP\Files\UploadedFile->move()
 3 SYSTEMPATH\CodeIgniter.php(934): App\Controllers\Menu->update()
 4 SYSTEMPATH\CodeIgniter.php(499): CodeIgniter\CodeIgniter->runController()
 5 SYSTEMPATH\CodeIgniter.php(368): CodeIgniter\CodeIgniter->handleRequest()
 6 FCPATH\index.php(67): CodeIgniter\CodeIgniter->run()
 7 SYSTEMPATH\Commands\Server\rewrite.php(47): require_once('C:\\laragon\\www\\nasi-goreng\\public\\index.php')
INFO - 2023-04-25 14:44:06 --> Session: Class initialized using 'CodeIgniter\Session\Handlers\FileHandler' driver.
INFO - 2023-04-25 14:44:38 --> Session: Class initialized using 'CodeIgniter\Session\Handlers\FileHandler' driver.
CRITICAL - 2023-04-25 14:44:38 --> Call to undefined method CodeIgniter\HTTP\IncomingRequest::hasFile()
in APPPATH\Controllers\Menu.php on line 96.
 1 SYSTEMPATH\CodeIgniter.php(934): App\Controllers\Menu->update()
 2 SYSTEMPATH\CodeIgniter.php(499): CodeIgniter\CodeIgniter->runController()
 3 SYSTEMPATH\CodeIgniter.php(368): CodeIgniter\CodeIgniter->handleRequest()
 4 FCPATH\index.php(67): CodeIgniter\CodeIgniter->run()
 5 SYSTEMPATH\Commands\Server\rewrite.php(47): require_once('C:\\laragon\\www\\nasi-goreng\\public\\index.php')
INFO - 2023-04-25 14:45:01 --> Session: Class initialized using 'CodeIgniter\Session\Handlers\FileHandler' driver.
CRITICAL - 2023-04-25 14:45:01 --> Call to undefined method CodeIgniter\HTTP\IncomingRequest::hasFile()
in APPPATH\Controllers\Menu.php on line 96.
 1 SYSTEMPATH\CodeIgniter.php(934): App\Controllers\Menu->update()
 2 SYSTEMPATH\CodeIgniter.php(499): CodeIgniter\CodeIgniter->runController()
 3 SYSTEMPATH\CodeIgniter.php(368): CodeIgniter\CodeIgniter->handleRequest()
 4 FCPATH\index.php(67): CodeIgniter\CodeIgniter->run()
 5 SYSTEMPATH\Commands\Server\rewrite.php(47): require_once('C:\\laragon\\www\\nasi-goreng\\public\\index.php')
INFO - 2023-04-25 14:45:19 --> Session: Class initialized using 'CodeIgniter\Session\Handlers\FileHandler' driver.
INFO - 2023-04-25 14:45:24 --> Session: Class initialized using 'CodeIgniter\Session\Handlers\FileHandler' driver.
CRITICAL - 2023-04-25 14:45:24 --> The original file is not a valid file.
in SYSTEMPATH\HTTP\Files\UploadedFile.php on line 137.
 1 SYSTEMPATH\HTTP\Files\UploadedFile.php(137): CodeIgniter\HTTP\Exceptions\HTTPException::forInvalidFile()
 2 APPPATH\Controllers\Menu.php(100): CodeIgniter\HTTP\Files\UploadedFile->move()
 3 SYSTEMPATH\CodeIgniter.php(934): App\Controllers\Menu->update()
 4 SYSTEMPATH\CodeIgniter.php(499): CodeIgniter\CodeIgniter->runController()
 5 SYSTEMPATH\CodeIgniter.php(368): CodeIgniter\CodeIgniter->handleRequest()
 6 FCPATH\index.php(67): CodeIgniter\CodeIgniter->run()
 7 SYSTEMPATH\Commands\Server\rewrite.php(47): require_once('C:\\laragon\\www\\nasi-goreng\\public\\index.php')
INFO - 2023-04-25 14:53:55 --> Session: Class initialized using 'CodeIgniter\Session\Handlers\FileHandler' driver.
CRITICAL - 2023-04-25 14:53:56 --> The original file is not a valid file.
in SYSTEMPATH\HTTP\Files\UploadedFile.php on line 137.
 1 SYSTEMPATH\HTTP\Files\UploadedFile.php(137): CodeIgniter\HTTP\Exceptions\HTTPException::forInvalidFile()
 2 APPPATH\Controllers\Menu.php(101): CodeIgniter\HTTP\Files\UploadedFile->move()
 3 SYSTEMPATH\CodeIgniter.php(934): App\Controllers\Menu->update()
 4 SYSTEMPATH\CodeIgniter.php(499): CodeIgniter\CodeIgniter->runController()
 5 SYSTEMPATH\CodeIgniter.php(368): CodeIgniter\CodeIgniter->handleRequest()
 6 FCPATH\index.php(67): CodeIgniter\CodeIgniter->run()
 7 SYSTEMPATH\Commands\Server\rewrite.php(47): require_once('C:\\laragon\\www\\nasi-goreng\\public\\index.php')
INFO - 2023-04-25 14:54:08 --> Session: Class initialized using 'CodeIgniter\Session\Handlers\FileHandler' driver.
INFO - 2023-04-25 14:55:34 --> Session: Class initialized using 'CodeIgniter\Session\Handlers\FileHandler' driver.
CRITICAL - 2023-04-25 14:55:34 --> Call to undefined method CodeIgniter\HTTP\IncomingRequest::hasFile()
in APPPATH\Controllers\Menu.php on line 95.
 1 SYSTEMPATH\CodeIgniter.php(934): App\Controllers\Menu->update()
 2 SYSTEMPATH\CodeIgniter.php(499): CodeIgniter\CodeIgniter->runController()
 3 SYSTEMPATH\CodeIgniter.php(368): CodeIgniter\CodeIgniter->handleRequest()
 4 FCPATH\index.php(67): CodeIgniter\CodeIgniter->run()
 5 SYSTEMPATH\Commands\Server\rewrite.php(47): require_once('C:\\laragon\\www\\nasi-goreng\\public\\index.php')
INFO - 2023-04-25 14:59:11 --> Session: Class initialized using 'CodeIgniter\Session\Handlers\FileHandler' driver.
INFO - 2023-04-25 14:59:12 --> Session: Class initialized using 'CodeIgniter\Session\Handlers\FileHandler' driver.
INFO - 2023-04-25 15:00:45 --> Session: Class initialized using 'CodeIgniter\Session\Handlers\FileHandler' driver.
INFO - 2023-04-25 15:00:46 --> Session: Class initialized using 'CodeIgniter\Session\Handlers\FileHandler' driver.
INFO - 2023-04-25 15:05:16 --> Session: Class initialized using 'CodeIgniter\Session\Handlers\FileHandler' driver.
INFO - 2023-04-25 15:05:44 --> Session: Class initialized using 'CodeIgniter\Session\Handlers\FileHandler' driver.
INFO - 2023-04-25 15:05:47 --> Session: Class initialized using 'CodeIgniter\Session\Handlers\FileHandler' driver.
INFO - 2023-04-25 15:08:05 --> Session: Class initialized using 'CodeIgniter\Session\Handlers\FileHandler' driver.
INFO - 2023-04-25 15:08:06 --> Session: Class initialized using 'CodeIgniter\Session\Handlers\FileHandler' driver.
INFO - 2023-04-25 15:21:39 --> Session: Class initialized using 'CodeIgniter\Session\Handlers\FileHandler' driver.
INFO - 2023-04-25 15:37:30 --> Session: Class initialized using 'CodeIgniter\Session\Handlers\FileHandler' driver.
